[2016-01-11 11:05:52] Executing startup tasks
[2016-01-11 11:05:52] Product self.product.version
[2016-01-11 11:05:52] Bundle org.eclipse.oomph.setup 1.2.0.v20150915-0926, build=1789, branch=ff5f7c46aa57e08f831c3cd10fd3ed7606b75cd6, commit=ff5f7c46aa57e08f831c3cd10fd3ed7606b75cd6
[2016-01-11 11:05:52] Bundle org.eclipse.oomph.setup.core 1.2.0.v20150915-0926, build=1789, branch=ff5f7c46aa57e08f831c3cd10fd3ed7606b75cd6, commit=ff5f7c46aa57e08f831c3cd10fd3ed7606b75cd6
[2016-01-11 11:05:52] Bundle org.eclipse.oomph.setup.p2 1.2.0.v20150915-0926, build=1789, branch=ff5f7c46aa57e08f831c3cd10fd3ed7606b75cd6, commit=ff5f7c46aa57e08f831c3cd10fd3ed7606b75cd6
[2016-01-11 11:05:52] Performing Preference /instance/org.eclipse.jdt.ui/org.eclipse.jface.textfont = 1|Consolas|10.0|0|WINDOWS|1|0|0|0|0|0|0|0|0|1|0|0|0|0|Consolas;
[2016-01-11 11:05:52] 
[2016-02-25 17:42:47] Executing startup tasks
[2016-02-25 17:42:47] Product self.product.version
[2016-02-25 17:42:47] Bundle org.eclipse.oomph.setup 1.2.0.v20150915-0926, build=1789, branch=ff5f7c46aa57e08f831c3cd10fd3ed7606b75cd6, commit=ff5f7c46aa57e08f831c3cd10fd3ed7606b75cd6
[2016-02-25 17:42:47] Bundle org.eclipse.oomph.setup.core 1.2.0.v20150915-0926, build=1789, branch=ff5f7c46aa57e08f831c3cd10fd3ed7606b75cd6, commit=ff5f7c46aa57e08f831c3cd10fd3ed7606b75cd6
[2016-02-25 17:42:47] Bundle org.eclipse.oomph.setup.p2 1.2.0.v20150915-0926, build=1789, branch=ff5f7c46aa57e08f831c3cd10fd3ed7606b75cd6, commit=ff5f7c46aa57e08f831c3cd10fd3ed7606b75cd6
[2016-02-25 17:42:47] Performing Preference /instance/com.centurylink.mdw.designer.ui/AllowDeleteArchivedProcesses = true
[2016-02-25 17:42:47] Performing Preference /instance/com.centurylink.mdw.designer.ui/JdbcFetchSize = 1000
[2016-02-25 17:42:47] Performing Preference /instance/com.centurylink.mdw.designer.ui/MdwIncludePreviewBuilds = true
[2016-02-25 17:42:47] Performing Preference /instance/com.centurylink.mdw.designer.ui/MdwPrefsCopyrightNotice = /**...
[2016-02-25 17:42:47] /**
 * Copyright (c) 2014 CenturyLink, Inc. All Rights Reserved.
 */
[2016-02-25 17:42:47] Performing Preference /instance/com.centurylink.mdw.designer.ui/MdwServerClientShellExePath = C:\eclipse_4.5.0\putty.exe
[2016-02-25 17:42:47] Performing Preference /instance/org.eclipse.ant.launching/timeout = 20000
[2016-02-25 17:42:47] Performing Preference /instance/org.eclipse.ant.ui/problem_classpath = warning
[2016-02-25 17:42:47] Performing Preference /instance/org.eclipse.ant.ui/problem_imports = warning
[2016-02-25 17:42:47] Performing Preference /instance/org.eclipse.ant.ui/problem_properties = ignore
[2016-02-25 17:42:47] Performing Preference /instance/org.eclipse.ant.ui/problem_security = warning
[2016-02-25 17:42:47] Performing Preference /instance/org.eclipse.ant.ui/problem_tasks = ignore
[2016-02-25 17:42:47] Performing Preference /instance/org.eclipse.ant.ui/useAnnotationsPrefPage = true
[2016-02-25 17:42:47] Performing Preference /instance/org.eclipse.ant.ui/useQuickDiffPrefPage = true
[2016-02-25 17:42:48] Performing Preference /instance/org.eclipse.core.resources/description.autobuilding = false
[2016-02-25 17:42:48] Performing Preference /instance/org.eclipse.pde.ui/Preferences.MainPage.overwriteBuildFilesOnExport = prompt
[2016-02-25 17:42:48] Performing Preference /instance/org.eclipse.wst.css.core/indentationChar = space
[2016-02-25 17:42:48] Performing Preference /instance/org.eclipse.wst.css.core/indentationSize = 2
[2016-02-25 17:42:48] Performing Preference /instance/org.eclipse.wst.css.core/lineWidth = 100
[2016-02-25 17:42:48] Performing Preference /instance/org.eclipse.wst.html.core/indentationChar = space
[2016-02-25 17:42:48] Performing Preference /instance/org.eclipse.wst.html.core/indentationSize = 2
[2016-02-25 17:42:48] Performing Preference /instance/org.eclipse.wst.html.core/inlineElements = sub,b,acronym,select,font,a,img,abbr,label,td,sup,br,i,th,li,cite,input,u,title,strike,s,strong,q,basefont,em,big,small,span
[2016-02-25 17:42:48] Performing Preference /instance/org.eclipse.wst.html.core/lineWidth = 100
[2016-02-25 17:42:48] Performing Preference /instance/org.eclipse.wst.html.core/splitMultiAttrs = true
[2016-02-25 17:42:48] Performing Preference /instance/org.eclipse.wst.server.core/module-start-timeout = 300000
[2016-02-25 17:42:48] Performing Preference /instance/org.eclipse.wst.xml.core/lineWidth = 100
[2016-02-25 17:42:48] Performing Preference /instance/org.eclipse.wst.xml.core/splitMultiAttrs = true
[2016-02-25 17:42:48] 
[2016-02-25 21:38:50] Executing startup tasks
[2016-02-25 21:38:55] Product self.product.version
[2016-02-25 21:38:55] Bundle org.eclipse.oomph.setup 1.2.0.v20150915-0926, build=1789, branch=ff5f7c46aa57e08f831c3cd10fd3ed7606b75cd6, commit=ff5f7c46aa57e08f831c3cd10fd3ed7606b75cd6
[2016-02-25 21:38:55] Bundle org.eclipse.oomph.setup.core 1.2.0.v20150915-0926, build=1789, branch=ff5f7c46aa57e08f831c3cd10fd3ed7606b75cd6, commit=ff5f7c46aa57e08f831c3cd10fd3ed7606b75cd6
[2016-02-25 21:38:55] Bundle org.eclipse.oomph.setup.p2 1.2.0.v20150915-0926, build=1789, branch=ff5f7c46aa57e08f831c3cd10fd3ed7606b75cd6, commit=ff5f7c46aa57e08f831c3cd10fd3ed7606b75cd6
[2016-02-25 21:38:55] Performing Preference /instance/org.eclipse.jdt.core/org.eclipse.jdt.core.compiler.codegen.targetPlatform = 1.7
[2016-02-25 21:38:55] Performing Preference /instance/org.eclipse.jdt.core/org.eclipse.jdt.core.compiler.compliance = 1.7
[2016-02-25 21:38:55] Performing Preference /instance/org.eclipse.jdt.core/org.eclipse.jdt.core.compiler.source = 1.7
[2016-02-25 21:38:56] Performing Preference /instance/org.eclipse.wst.validation/confirmDialog = true
[2016-02-25 21:38:56] Performing Preference /instance/org.eclipse.wst.validation/DELEGATES_PREFERENCE = delegateValidatorList
[2016-02-25 21:38:56] Performing Preference /instance/org.eclipse.wst.validation/override = true
[2016-02-25 21:38:56] Performing Preference /instance/org.eclipse.wst.validation/saveAuto = false
[2016-02-25 21:38:56] Performing Preference /instance/org.eclipse.wst.validation/stateTS = 0
[2016-02-25 21:38:56] Performing Preference /instance/org.eclipse.wst.validation/suspend = true
[2016-02-25 21:38:56] Performing Preference /instance/org.eclipse.wst.validation/USER_BUILD_PREFERENCE = enabledBuildValidatorListorg.eclipse.jst.j2ee.internal.validation.UIApplicationClientValidator;org.eclipse.jst.j2ee.internal.ejb.workbench.validation.UIEjbValidator;org.eclipse.wst.wsi.ui.internal.WSIMessageValidator;org.eclipse.jst.j2ee.internal.web.validation.UIWarValidator;org.eclipse.jst.j2ee.internal.classpathdep.ClasspathDependencyValidator;org.eclipse.jst.j2ee.internal.jca.validation.UIConnectorValidator;org.eclipse.jst.j2ee.internal.validation.UIEarValidator;
[2016-02-25 21:38:56] Performing Preference /instance/org.eclipse.wst.validation/USER_MANUAL_PREFERENCE = enabledManualValidatorListorg.eclipse.jst.j2ee.internal.validation.UIApplicationClientValidator;org.eclipse.jst.j2ee.internal.ejb.workbench.validation.UIEjbValidator;org.eclipse.wst.wsi.ui.internal.WSIMessageValidator;org.eclipse.jst.j2ee.internal.web.validation.UIWarValidator;org.eclipse.jst.j2ee.internal.classpathdep.ClasspathDependencyValidator;org.eclipse.jst.j2ee.internal.jca.validation.UIConnectorValidator;org.eclipse.jst.j2ee.internal.validation.UIEarValidator;
[2016-02-25 21:38:56] Performing Preference /instance/org.eclipse.wst.validation/USER_PREFERENCE = saveAutomaticallyfalseprojectsCanOverridetruedisableAllValidationtrueversion1.2.700.v201508251749
[2016-02-25 21:38:56] Performing Preference /instance/org.eclipse.wst.validation/vf.version = 3
[2016-02-25 21:39:01] 
[2016-02-26 10:02:05] Executing startup tasks
[2016-02-26 10:02:07] Product self.product.version
[2016-02-26 10:02:07] Bundle org.eclipse.oomph.setup 1.2.0.v20150915-0926, build=1789, branch=ff5f7c46aa57e08f831c3cd10fd3ed7606b75cd6, commit=ff5f7c46aa57e08f831c3cd10fd3ed7606b75cd6
[2016-02-26 10:02:07] Bundle org.eclipse.oomph.setup.core 1.2.0.v20150915-0926, build=1789, branch=ff5f7c46aa57e08f831c3cd10fd3ed7606b75cd6, commit=ff5f7c46aa57e08f831c3cd10fd3ed7606b75cd6
[2016-02-26 10:02:07] Bundle org.eclipse.oomph.setup.p2 1.2.0.v20150915-0926, build=1789, branch=ff5f7c46aa57e08f831c3cd10fd3ed7606b75cd6, commit=ff5f7c46aa57e08f831c3cd10fd3ed7606b75cd6
[2016-02-26 10:02:07] Performing Preference /instance/com.centurylink.mdw.designer.ui/AllowDeleteArchivedProcesses = true
[2016-02-26 10:02:07] Performing Preference /instance/com.centurylink.mdw.designer.ui/JdbcFetchSize = 1000
[2016-02-26 10:02:07] Performing Preference /instance/com.centurylink.mdw.designer.ui/MdwIncludePreviewBuilds = true
[2016-02-26 10:02:07] Performing Preference /instance/com.centurylink.mdw.designer.ui/MdwPrefsCopyrightNotice = /**...
[2016-02-26 10:02:07] /**
 * Copyright (c) 2014 CenturyLink, Inc. All Rights Reserved.
 */
[2016-02-26 10:02:07] Performing Preference /instance/com.centurylink.mdw.designer.ui/MdwServerClientShellExePath = C:\eclipse_4.5.0\putty.exe
[2016-02-26 10:02:08] Performing Preference /instance/org.eclipse.ant.launching/timeout = 20000
[2016-02-26 10:02:08] Performing Preference /instance/org.eclipse.ant.ui/problem_classpath = warning
[2016-02-26 10:02:08] Performing Preference /instance/org.eclipse.ant.ui/problem_imports = warning
[2016-02-26 10:02:08] Performing Preference /instance/org.eclipse.ant.ui/problem_properties = ignore
[2016-02-26 10:02:08] Performing Preference /instance/org.eclipse.ant.ui/problem_security = warning
[2016-02-26 10:02:08] Performing Preference /instance/org.eclipse.ant.ui/problem_tasks = ignore
[2016-02-26 10:02:08] Performing Preference /instance/org.eclipse.ant.ui/useAnnotationsPrefPage = true
[2016-02-26 10:02:08] Performing Preference /instance/org.eclipse.ant.ui/useQuickDiffPrefPage = true
[2016-02-26 10:02:08] Performing Preference /instance/org.eclipse.core.resources/description.autobuilding = false
[2016-02-26 10:02:08] Performing Preference /instance/org.eclipse.jdt.core/org.eclipse.jdt.core.compiler.codegen.targetPlatform = 1.7
[2016-02-26 10:02:08] Performing Preference /instance/org.eclipse.jdt.core/org.eclipse.jdt.core.compiler.compliance = 1.7
[2016-02-26 10:02:08] Performing Preference /instance/org.eclipse.jdt.core/org.eclipse.jdt.core.compiler.source = 1.7
[2016-02-26 10:02:08] Performing Preference /instance/org.eclipse.pde.ui/Preferences.MainPage.overwriteBuildFilesOnExport = prompt
[2016-02-26 10:02:08] Performing Preference /instance/org.eclipse.wst.css.core/indentationChar = space
[2016-02-26 10:02:08] Performing Preference /instance/org.eclipse.wst.css.core/indentationSize = 2
[2016-02-26 10:02:08] Performing Preference /instance/org.eclipse.wst.css.core/lineWidth = 100
[2016-02-26 10:02:08] Performing Preference /instance/org.eclipse.wst.html.core/indentationChar = space
[2016-02-26 10:02:08] Performing Preference /instance/org.eclipse.wst.html.core/indentationSize = 2
[2016-02-26 10:02:08] Performing Preference /instance/org.eclipse.wst.html.core/inlineElements = sub,b,acronym,select,font,a,img,abbr,label,td,sup,br,i,th,li,cite,input,u,title,strike,s,strong,q,basefont,em,big,small,span
[2016-02-26 10:02:08] Performing Preference /instance/org.eclipse.wst.html.core/lineWidth = 100
[2016-02-26 10:02:08] Performing Preference /instance/org.eclipse.wst.html.core/splitMultiAttrs = true
[2016-02-26 10:02:08] Performing Preference /instance/org.eclipse.wst.server.core/module-start-timeout = 300000
[2016-02-26 10:02:08] Performing Preference /instance/org.eclipse.wst.validation/confirmDialog = true
[2016-02-26 10:02:08] Performing Preference /instance/org.eclipse.wst.validation/DELEGATES_PREFERENCE = delegateValidatorList
[2016-02-26 10:02:08] Performing Preference /instance/org.eclipse.wst.validation/override = true
[2016-02-26 10:02:09] Performing Preference /instance/org.eclipse.wst.validation/saveAuto = false
[2016-02-26 10:02:09] Performing Preference /instance/org.eclipse.wst.validation/stateTS = 0
[2016-02-26 10:02:09] Performing Preference /instance/org.eclipse.wst.validation/suspend = true
[2016-02-26 10:02:09] Performing Preference /instance/org.eclipse.wst.validation/USER_BUILD_PREFERENCE = enabledBuildValidatorListorg.eclipse.jst.j2ee.internal.validation.UIApplicationClientValidator;org.eclipse.jst.j2ee.internal.ejb.workbench.validation.UIEjbValidator;org.eclipse.wst.wsi.ui.internal.WSIMessageValidator;org.eclipse.jst.j2ee.internal.web.validation.UIWarValidator;org.eclipse.jst.j2ee.internal.classpathdep.ClasspathDependencyValidator;org.eclipse.jst.j2ee.internal.jca.validation.UIConnectorValidator;org.eclipse.jst.j2ee.internal.validation.UIEarValidator;
[2016-02-26 10:02:09] Performing Preference /instance/org.eclipse.wst.validation/USER_MANUAL_PREFERENCE = enabledManualValidatorListorg.eclipse.jst.j2ee.internal.validation.UIApplicationClientValidator;org.eclipse.jst.j2ee.internal.ejb.workbench.validation.UIEjbValidator;org.eclipse.wst.wsi.ui.internal.WSIMessageValidator;org.eclipse.jst.j2ee.internal.web.validation.UIWarValidator;org.eclipse.jst.j2ee.internal.classpathdep.ClasspathDependencyValidator;org.eclipse.jst.j2ee.internal.jca.validation.UIConnectorValidator;org.eclipse.jst.j2ee.internal.validation.UIEarValidator;
[2016-02-26 10:02:09] Performing Preference /instance/org.eclipse.wst.validation/USER_PREFERENCE = saveAutomaticallyfalseprojectsCanOverridetruedisableAllValidationtrueversion1.2.700.v201508251749
[2016-02-26 10:02:09] Performing Preference /instance/org.eclipse.wst.validation/vf.version = 3
[2016-02-26 10:02:09] Performing Preference /instance/org.eclipse.wst.xml.core/lineWidth = 100
[2016-02-26 10:02:09] Performing Preference /instance/org.eclipse.wst.xml.core/splitMultiAttrs = true
[2016-02-26 10:02:09] 
[2016-02-29 10:47:38] Executing startup tasks
[2016-02-29 10:47:40] Product self.product.version
[2016-02-29 10:47:40] Bundle org.eclipse.oomph.setup 1.2.0.v20150915-0926, build=1789, branch=ff5f7c46aa57e08f831c3cd10fd3ed7606b75cd6, commit=ff5f7c46aa57e08f831c3cd10fd3ed7606b75cd6
[2016-02-29 10:47:40] Bundle org.eclipse.oomph.setup.core 1.2.0.v20150915-0926, build=1789, branch=ff5f7c46aa57e08f831c3cd10fd3ed7606b75cd6, commit=ff5f7c46aa57e08f831c3cd10fd3ed7606b75cd6
[2016-02-29 10:47:40] Bundle org.eclipse.oomph.setup.p2 1.2.0.v20150915-0926, build=1789, branch=ff5f7c46aa57e08f831c3cd10fd3ed7606b75cd6, commit=ff5f7c46aa57e08f831c3cd10fd3ed7606b75cd6
[2016-02-29 10:47:40] Performing Preference /instance/com.centurylink.mdw.designer.ui/AllowDeleteArchivedProcesses = true
[2016-02-29 10:47:40] Performing Preference /instance/com.centurylink.mdw.designer.ui/JdbcFetchSize = 1000
[2016-02-29 10:47:40] Performing Preference /instance/com.centurylink.mdw.designer.ui/MdwIncludePreviewBuilds = true
[2016-02-29 10:47:40] Performing Preference /instance/com.centurylink.mdw.designer.ui/MdwPrefsCopyrightNotice = /**...
[2016-02-29 10:47:40] /**
 * Copyright (c) 2014 CenturyLink, Inc. All Rights Reserved.
 */
[2016-02-29 10:47:40] Performing Preference /instance/com.centurylink.mdw.designer.ui/MdwServerClientShellExePath = C:\eclipse_4.5.0\putty.exe
[2016-02-29 10:47:40] Performing Preference /instance/org.eclipse.ant.launching/timeout = 20000
[2016-02-29 10:47:40] Performing Preference /instance/org.eclipse.ant.ui/problem_classpath = warning
[2016-02-29 10:47:40] Performing Preference /instance/org.eclipse.ant.ui/problem_imports = warning
[2016-02-29 10:47:40] Performing Preference /instance/org.eclipse.ant.ui/problem_properties = ignore
[2016-02-29 10:47:40] Performing Preference /instance/org.eclipse.ant.ui/problem_security = warning
[2016-02-29 10:47:40] Performing Preference /instance/org.eclipse.ant.ui/problem_tasks = ignore
[2016-02-29 10:47:40] Performing Preference /instance/org.eclipse.ant.ui/useAnnotationsPrefPage = true
[2016-02-29 10:47:40] Performing Preference /instance/org.eclipse.ant.ui/useQuickDiffPrefPage = true
[2016-02-29 10:47:40] Performing Preference /instance/org.eclipse.core.resources/description.autobuilding = false
[2016-02-29 10:47:40] Performing Preference /instance/org.eclipse.jdt.core/org.eclipse.jdt.core.compiler.codegen.targetPlatform = 1.7
[2016-02-29 10:47:40] Performing Preference /instance/org.eclipse.jdt.core/org.eclipse.jdt.core.compiler.compliance = 1.7
[2016-02-29 10:47:40] Performing Preference /instance/org.eclipse.jdt.core/org.eclipse.jdt.core.compiler.source = 1.7
[2016-02-29 10:47:40] Performing Preference /instance/org.eclipse.pde.ui/Preferences.MainPage.overwriteBuildFilesOnExport = prompt
[2016-02-29 10:47:40] Performing Preference /instance/org.eclipse.wst.css.core/indentationChar = space
[2016-02-29 10:47:40] Performing Preference /instance/org.eclipse.wst.css.core/indentationSize = 2
[2016-02-29 10:47:40] Performing Preference /instance/org.eclipse.wst.css.core/lineWidth = 100
[2016-02-29 10:47:40] Performing Preference /instance/org.eclipse.wst.html.core/indentationChar = space
[2016-02-29 10:47:40] Performing Preference /instance/org.eclipse.wst.html.core/indentationSize = 2
[2016-02-29 10:47:40] Performing Preference /instance/org.eclipse.wst.html.core/inlineElements = sub,b,acronym,select,font,a,img,abbr,label,td,sup,br,i,th,li,cite,input,u,title,strike,s,strong,q,basefont,em,big,small,span
[2016-02-29 10:47:40] Performing Preference /instance/org.eclipse.wst.html.core/lineWidth = 100
[2016-02-29 10:47:40] Performing Preference /instance/org.eclipse.wst.html.core/splitMultiAttrs = true
[2016-02-29 10:47:40] Performing Preference /instance/org.eclipse.wst.server.core/module-start-timeout = 300000
[2016-02-29 10:47:40] Performing Preference /instance/org.eclipse.wst.validation/confirmDialog = true
[2016-02-29 10:47:40] Performing Preference /instance/org.eclipse.wst.validation/DELEGATES_PREFERENCE = delegateValidatorList
[2016-02-29 10:47:40] Performing Preference /instance/org.eclipse.wst.validation/override = true
[2016-02-29 10:47:41] Performing Preference /instance/org.eclipse.wst.validation/saveAuto = false
[2016-02-29 10:47:41] Performing Preference /instance/org.eclipse.wst.validation/stateTS = 0
[2016-02-29 10:47:41] Performing Preference /instance/org.eclipse.wst.validation/suspend = true
[2016-02-29 10:47:41] Performing Preference /instance/org.eclipse.wst.validation/USER_BUILD_PREFERENCE = enabledBuildValidatorListorg.eclipse.jst.j2ee.internal.validation.UIApplicationClientValidator;org.eclipse.jst.j2ee.internal.ejb.workbench.validation.UIEjbValidator;org.eclipse.wst.wsi.ui.internal.WSIMessageValidator;org.eclipse.jst.j2ee.internal.web.validation.UIWarValidator;org.eclipse.jst.j2ee.internal.classpathdep.ClasspathDependencyValidator;org.eclipse.jst.j2ee.internal.jca.validation.UIConnectorValidator;org.eclipse.jst.j2ee.internal.validation.UIEarValidator;
[2016-02-29 10:47:41] Performing Preference /instance/org.eclipse.wst.validation/USER_MANUAL_PREFERENCE = enabledManualValidatorListorg.eclipse.jst.j2ee.internal.validation.UIApplicationClientValidator;org.eclipse.jst.j2ee.internal.ejb.workbench.validation.UIEjbValidator;org.eclipse.wst.wsi.ui.internal.WSIMessageValidator;org.eclipse.jst.j2ee.internal.web.validation.UIWarValidator;org.eclipse.jst.j2ee.internal.classpathdep.ClasspathDependencyValidator;org.eclipse.jst.j2ee.internal.jca.validation.UIConnectorValidator;org.eclipse.jst.j2ee.internal.validation.UIEarValidator;
[2016-02-29 10:47:41] Performing Preference /instance/org.eclipse.wst.validation/USER_PREFERENCE = saveAutomaticallyfalseprojectsCanOverridetruedisableAllValidationtrueversion1.2.700.v201508251749
[2016-02-29 10:47:41] Performing Preference /instance/org.eclipse.wst.validation/vf.version = 3
[2016-02-29 10:47:41] Performing Preference /instance/org.eclipse.wst.xml.core/lineWidth = 100
[2016-02-29 10:47:41] Performing Preference /instance/org.eclipse.wst.xml.core/splitMultiAttrs = true
[2016-02-29 10:47:41] 
[2016-03-02 14:11:22] Executing startup tasks
[2016-03-02 14:11:24] Product self.product.version
[2016-03-02 14:11:24] Bundle org.eclipse.oomph.setup 1.2.0.v20150915-0926, build=1789, branch=ff5f7c46aa57e08f831c3cd10fd3ed7606b75cd6, commit=ff5f7c46aa57e08f831c3cd10fd3ed7606b75cd6
[2016-03-02 14:11:24] Bundle org.eclipse.oomph.setup.core 1.2.0.v20150915-0926, build=1789, branch=ff5f7c46aa57e08f831c3cd10fd3ed7606b75cd6, commit=ff5f7c46aa57e08f831c3cd10fd3ed7606b75cd6
[2016-03-02 14:11:24] Bundle org.eclipse.oomph.setup.p2 1.2.0.v20150915-0926, build=1789, branch=ff5f7c46aa57e08f831c3cd10fd3ed7606b75cd6, commit=ff5f7c46aa57e08f831c3cd10fd3ed7606b75cd6
[2016-03-02 14:11:24] Performing Preference /instance/com.centurylink.mdw.designer.ui/AllowDeleteArchivedProcesses = true
[2016-03-02 14:11:24] Performing Preference /instance/com.centurylink.mdw.designer.ui/JdbcFetchSize = 1000
[2016-03-02 14:11:24] Performing Preference /instance/com.centurylink.mdw.designer.ui/MdwIncludePreviewBuilds = true
[2016-03-02 14:11:24] Performing Preference /instance/com.centurylink.mdw.designer.ui/MdwPrefsCopyrightNotice = /**...
[2016-03-02 14:11:24] /**
 * Copyright (c) 2014 CenturyLink, Inc. All Rights Reserved.
 */
[2016-03-02 14:11:24] Performing Preference /instance/com.centurylink.mdw.designer.ui/MdwServerClientShellExePath = C:\eclipse_4.5.0\putty.exe
[2016-03-02 14:11:24] Performing Preference /instance/org.eclipse.ant.launching/timeout = 20000
[2016-03-02 14:11:24] Performing Preference /instance/org.eclipse.ant.ui/problem_classpath = warning
[2016-03-02 14:11:24] Performing Preference /instance/org.eclipse.ant.ui/problem_imports = warning
[2016-03-02 14:11:24] Performing Preference /instance/org.eclipse.ant.ui/problem_properties = ignore
[2016-03-02 14:11:24] Performing Preference /instance/org.eclipse.ant.ui/problem_security = warning
[2016-03-02 14:11:24] Performing Preference /instance/org.eclipse.ant.ui/problem_tasks = ignore
[2016-03-02 14:11:24] Performing Preference /instance/org.eclipse.ant.ui/useAnnotationsPrefPage = true
[2016-03-02 14:11:24] Performing Preference /instance/org.eclipse.ant.ui/useQuickDiffPrefPage = true
[2016-03-02 14:11:24] Performing Preference /instance/org.eclipse.core.resources/description.autobuilding = false
[2016-03-02 14:11:24] Performing Preference /instance/org.eclipse.jdt.core/org.eclipse.jdt.core.compiler.codegen.targetPlatform = 1.7
[2016-03-02 14:11:24] Performing Preference /instance/org.eclipse.jdt.core/org.eclipse.jdt.core.compiler.compliance = 1.7
[2016-03-02 14:11:24] Performing Preference /instance/org.eclipse.jdt.core/org.eclipse.jdt.core.compiler.source = 1.7
[2016-03-02 14:11:25] Performing Preference /instance/org.eclipse.pde.ui/Preferences.MainPage.overwriteBuildFilesOnExport = prompt
[2016-03-02 14:11:25] Performing Preference /instance/org.eclipse.wst.css.core/indentationChar = space
[2016-03-02 14:11:25] Performing Preference /instance/org.eclipse.wst.css.core/indentationSize = 2
[2016-03-02 14:11:25] Performing Preference /instance/org.eclipse.wst.css.core/lineWidth = 100
[2016-03-02 14:11:25] Performing Preference /instance/org.eclipse.wst.html.core/indentationChar = space
[2016-03-02 14:11:25] Performing Preference /instance/org.eclipse.wst.html.core/indentationSize = 2
[2016-03-02 14:11:25] Performing Preference /instance/org.eclipse.wst.html.core/inlineElements = sub,b,acronym,select,font,a,img,abbr,label,td,sup,br,i,th,li,cite,input,u,title,strike,s,strong,q,basefont,em,big,small,span
[2016-03-02 14:11:25] Performing Preference /instance/org.eclipse.wst.html.core/lineWidth = 100
[2016-03-02 14:11:25] Performing Preference /instance/org.eclipse.wst.html.core/splitMultiAttrs = true
[2016-03-02 14:11:25] Performing Preference /instance/org.eclipse.wst.server.core/module-start-timeout = 300000
[2016-03-02 14:11:25] Performing Preference /instance/org.eclipse.wst.validation/confirmDialog = true
[2016-03-02 14:11:25] Performing Preference /instance/org.eclipse.wst.validation/DELEGATES_PREFERENCE = delegateValidatorList
[2016-03-02 14:11:25] Performing Preference /instance/org.eclipse.wst.validation/override = true
[2016-03-02 14:11:25] Performing Preference /instance/org.eclipse.wst.validation/saveAuto = false
[2016-03-02 14:11:25] Performing Preference /instance/org.eclipse.wst.validation/stateTS = 0
[2016-03-02 14:11:25] Performing Preference /instance/org.eclipse.wst.validation/suspend = true
[2016-03-02 14:11:25] Performing Preference /instance/org.eclipse.wst.validation/USER_BUILD_PREFERENCE = enabledBuildValidatorListorg.eclipse.jst.j2ee.internal.validation.UIApplicationClientValidator;org.eclipse.jst.j2ee.internal.ejb.workbench.validation.UIEjbValidator;org.eclipse.wst.wsi.ui.internal.WSIMessageValidator;org.eclipse.jst.j2ee.internal.web.validation.UIWarValidator;org.eclipse.jst.j2ee.internal.classpathdep.ClasspathDependencyValidator;org.eclipse.jst.j2ee.internal.jca.validation.UIConnectorValidator;org.eclipse.jst.j2ee.internal.validation.UIEarValidator;
[2016-03-02 14:11:26] Performing Preference /instance/org.eclipse.wst.validation/USER_MANUAL_PREFERENCE = enabledManualValidatorListorg.eclipse.jst.j2ee.internal.validation.UIApplicationClientValidator;org.eclipse.jst.j2ee.internal.ejb.workbench.validation.UIEjbValidator;org.eclipse.wst.wsi.ui.internal.WSIMessageValidator;org.eclipse.jst.j2ee.internal.web.validation.UIWarValidator;org.eclipse.jst.j2ee.internal.classpathdep.ClasspathDependencyValidator;org.eclipse.jst.j2ee.internal.jca.validation.UIConnectorValidator;org.eclipse.jst.j2ee.internal.validation.UIEarValidator;
[2016-03-02 14:11:26] Performing Preference /instance/org.eclipse.wst.validation/USER_PREFERENCE = saveAutomaticallyfalseprojectsCanOverridetruedisableAllValidationtrueversion1.2.700.v201508251749
[2016-03-02 14:11:26] Performing Preference /instance/org.eclipse.wst.validation/vf.version = 3
[2016-03-02 14:11:26] Performing Preference /instance/org.eclipse.wst.xml.core/lineWidth = 100
[2016-03-02 14:11:26] Performing Preference /instance/org.eclipse.wst.xml.core/splitMultiAttrs = true
[2016-03-02 14:11:26] 
[2016-03-02 15:14:39] Executing startup tasks
[2016-03-02 15:14:41] Product self.product.version
[2016-03-02 15:14:41] Bundle org.eclipse.oomph.setup 1.2.0.v20150915-0926, build=1789, branch=ff5f7c46aa57e08f831c3cd10fd3ed7606b75cd6, commit=ff5f7c46aa57e08f831c3cd10fd3ed7606b75cd6
[2016-03-02 15:14:41] Bundle org.eclipse.oomph.setup.core 1.2.0.v20150915-0926, build=1789, branch=ff5f7c46aa57e08f831c3cd10fd3ed7606b75cd6, commit=ff5f7c46aa57e08f831c3cd10fd3ed7606b75cd6
[2016-03-02 15:14:41] Bundle org.eclipse.oomph.setup.p2 1.2.0.v20150915-0926, build=1789, branch=ff5f7c46aa57e08f831c3cd10fd3ed7606b75cd6, commit=ff5f7c46aa57e08f831c3cd10fd3ed7606b75cd6
[2016-03-02 15:14:41] Performing Preference /instance/com.centurylink.mdw.designer.ui/AllowDeleteArchivedProcesses = true
[2016-03-02 15:14:41] Performing Preference /instance/com.centurylink.mdw.designer.ui/JdbcFetchSize = 1000
[2016-03-02 15:14:41] Performing Preference /instance/com.centurylink.mdw.designer.ui/MdwIncludePreviewBuilds = true
[2016-03-02 15:14:41] Performing Preference /instance/com.centurylink.mdw.designer.ui/MdwPrefsCopyrightNotice = /**...
[2016-03-02 15:14:41] /**
 * Copyright (c) 2014 CenturyLink, Inc. All Rights Reserved.
 */
[2016-03-02 15:14:41] Performing Preference /instance/com.centurylink.mdw.designer.ui/MdwServerClientShell = Putty
[2016-03-02 15:14:41] Performing Preference /instance/com.centurylink.mdw.designer.ui/MdwServerClientShellExePath = C:\eclipse_4.5.1\putty.exe
[2016-03-02 15:14:41] Performing Preference /instance/org.eclipse.ant.launching/timeout = 20000
[2016-03-02 15:14:41] Performing Preference /instance/org.eclipse.ant.ui/problem_classpath = warning
[2016-03-02 15:14:41] Performing Preference /instance/org.eclipse.ant.ui/problem_imports = warning
[2016-03-02 15:14:41] Performing Preference /instance/org.eclipse.ant.ui/problem_properties = ignore
[2016-03-02 15:14:41] Performing Preference /instance/org.eclipse.ant.ui/problem_security = warning
[2016-03-02 15:14:42] Performing Preference /instance/org.eclipse.ant.ui/problem_tasks = ignore
[2016-03-02 15:14:42] Performing Preference /instance/org.eclipse.ant.ui/useAnnotationsPrefPage = true
[2016-03-02 15:14:42] Performing Preference /instance/org.eclipse.ant.ui/useQuickDiffPrefPage = true
[2016-03-02 15:14:42] Performing Preference /instance/org.eclipse.core.resources/description.autobuilding = false
[2016-03-02 15:14:42] Performing Preference /instance/org.eclipse.jdt.core/org.eclipse.jdt.core.compiler.codegen.targetPlatform = 1.7
[2016-03-02 15:14:42] Performing Preference /instance/org.eclipse.jdt.core/org.eclipse.jdt.core.compiler.compliance = 1.7
[2016-03-02 15:14:42] Performing Preference /instance/org.eclipse.jdt.core/org.eclipse.jdt.core.compiler.source = 1.7
[2016-03-02 15:14:42] Performing Preference /instance/org.eclipse.pde.ui/Preferences.MainPage.overwriteBuildFilesOnExport = prompt
[2016-03-02 15:14:42] Performing Preference /instance/org.eclipse.wst.css.core/indentationChar = space
[2016-03-02 15:14:42] Performing Preference /instance/org.eclipse.wst.css.core/indentationSize = 2
[2016-03-02 15:14:42] Performing Preference /instance/org.eclipse.wst.css.core/lineWidth = 100
[2016-03-02 15:14:42] Performing Preference /instance/org.eclipse.wst.html.core/indentationChar = space
[2016-03-02 15:14:42] Performing Preference /instance/org.eclipse.wst.html.core/indentationSize = 2
[2016-03-02 15:14:42] Performing Preference /instance/org.eclipse.wst.html.core/inlineElements = sub,b,acronym,select,font,a,img,abbr,label,td,sup,br,i,th,li,cite,input,u,title,strike,s,strong,q,basefont,em,big,small,span
[2016-03-02 15:14:42] Performing Preference /instance/org.eclipse.wst.html.core/lineWidth = 100
[2016-03-02 15:14:42] Performing Preference /instance/org.eclipse.wst.html.core/splitMultiAttrs = true
[2016-03-02 15:14:42] Performing Preference /instance/org.eclipse.wst.server.core/module-start-timeout = 300000
[2016-03-02 15:14:42] Performing Preference /instance/org.eclipse.wst.validation/confirmDialog = true
[2016-03-02 15:14:42] Performing Preference /instance/org.eclipse.wst.validation/DELEGATES_PREFERENCE = delegateValidatorList
[2016-03-02 15:14:42] Performing Preference /instance/org.eclipse.wst.validation/override = true
[2016-03-02 15:14:42] Performing Preference /instance/org.eclipse.wst.validation/saveAuto = false
[2016-03-02 15:14:42] Performing Preference /instance/org.eclipse.wst.validation/stateTS = 0
[2016-03-02 15:14:42] Performing Preference /instance/org.eclipse.wst.validation/suspend = true
[2016-03-02 15:14:42] Performing Preference /instance/org.eclipse.wst.validation/USER_BUILD_PREFERENCE = enabledBuildValidatorListorg.eclipse.jst.j2ee.internal.ejb.workbench.validation.UIEjbValidator;org.eclipse.jst.j2ee.internal.validation.UIEarValidator;org.eclipse.jst.j2ee.internal.web.validation.UIWarValidator;org.eclipse.jst.j2ee.internal.validation.UIApplicationClientValidator;org.eclipse.wst.wsi.ui.internal.WSIMessageValidator;org.eclipse.jst.j2ee.internal.classpathdep.ClasspathDependencyValidator;org.eclipse.jst.j2ee.internal.jca.validation.UIConnectorValidator;
[2016-03-02 15:14:42] Performing Preference /instance/org.eclipse.wst.validation/USER_MANUAL_PREFERENCE = enabledManualValidatorListorg.eclipse.jst.j2ee.internal.ejb.workbench.validation.UIEjbValidator;org.eclipse.jst.j2ee.internal.validation.UIEarValidator;org.eclipse.jst.j2ee.internal.web.validation.UIWarValidator;org.eclipse.jst.j2ee.internal.validation.UIApplicationClientValidator;org.eclipse.wst.wsi.ui.internal.WSIMessageValidator;org.eclipse.jst.j2ee.internal.classpathdep.ClasspathDependencyValidator;org.eclipse.jst.j2ee.internal.jca.validation.UIConnectorValidator;
[2016-03-02 15:14:42] Performing Preference /instance/org.eclipse.wst.validation/USER_PREFERENCE = saveAutomaticallyfalseprojectsCanOverridetruedisableAllValidationtrueversion1.2.700.v201508251749
[2016-03-02 15:14:42] Performing Preference /instance/org.eclipse.wst.validation/vf.version = 3
[2016-03-02 15:14:42] Performing Preference /instance/org.eclipse.wst.xml.core/lineWidth = 100
[2016-03-02 15:14:42] Performing Preference /instance/org.eclipse.wst.xml.core/splitMultiAttrs = true
[2016-03-02 15:14:42] 
[2016-03-03 09:21:27] Executing startup tasks
[2016-03-03 09:21:28] Product self.product.version
[2016-03-03 09:21:28] Bundle org.eclipse.oomph.setup 1.2.0.v20150915-0926, build=1789, branch=ff5f7c46aa57e08f831c3cd10fd3ed7606b75cd6, commit=ff5f7c46aa57e08f831c3cd10fd3ed7606b75cd6
[2016-03-03 09:21:28] Bundle org.eclipse.oomph.setup.core 1.2.0.v20150915-0926, build=1789, branch=ff5f7c46aa57e08f831c3cd10fd3ed7606b75cd6, commit=ff5f7c46aa57e08f831c3cd10fd3ed7606b75cd6
[2016-03-03 09:21:28] Bundle org.eclipse.oomph.setup.p2 1.2.0.v20150915-0926, build=1789, branch=ff5f7c46aa57e08f831c3cd10fd3ed7606b75cd6, commit=ff5f7c46aa57e08f831c3cd10fd3ed7606b75cd6
[2016-03-03 09:21:28] Performing Preference /instance/org.eclipse.jdt.core/org.eclipse.jdt.core.compiler.codegen.targetPlatform = 1.7
[2016-03-03 09:21:28] Performing Preference /instance/org.eclipse.jdt.core/org.eclipse.jdt.core.compiler.compliance = 1.7
[2016-03-03 09:21:28] Performing Preference /instance/org.eclipse.jdt.core/org.eclipse.jdt.core.compiler.source = 1.7
[2016-03-03 09:21:28] Performing Preference /instance/org.eclipse.wst.xml.core/lineWidth = 100
[2016-03-03 09:21:32] 
[2016-03-16 14:40:01] Executing startup tasks
[2016-03-16 14:40:03] Product self.product.version
[2016-03-16 14:40:03] Bundle org.eclipse.oomph.setup 1.2.0.v20150915-0926, build=1789, branch=ff5f7c46aa57e08f831c3cd10fd3ed7606b75cd6, commit=ff5f7c46aa57e08f831c3cd10fd3ed7606b75cd6
[2016-03-16 14:40:03] Bundle org.eclipse.oomph.setup.core 1.2.0.v20150915-0926, build=1789, branch=ff5f7c46aa57e08f831c3cd10fd3ed7606b75cd6, commit=ff5f7c46aa57e08f831c3cd10fd3ed7606b75cd6
[2016-03-16 14:40:03] Bundle org.eclipse.oomph.setup.p2 1.2.0.v20150915-0926, build=1789, branch=ff5f7c46aa57e08f831c3cd10fd3ed7606b75cd6, commit=ff5f7c46aa57e08f831c3cd10fd3ed7606b75cd6
[2016-03-16 14:40:03] Performing Preference /instance/org.eclipse.jdt.core/org.eclipse.jdt.core.compiler.codegen.targetPlatform = 1.7
[2016-03-16 14:40:03] Performing Preference /instance/org.eclipse.jdt.core/org.eclipse.jdt.core.compiler.compliance = 1.7
[2016-03-16 14:40:03] Performing Preference /instance/org.eclipse.jdt.core/org.eclipse.jdt.core.compiler.source = 1.7
[2016-03-16 14:40:03] 
[2016-04-05 14:51:08] Executing startup tasks
[2016-04-05 14:51:13] Product self.product.version
[2016-04-05 14:51:14] Bundle org.eclipse.oomph.setup 1.2.0.v20150915-0926, build=1789, branch=ff5f7c46aa57e08f831c3cd10fd3ed7606b75cd6, commit=ff5f7c46aa57e08f831c3cd10fd3ed7606b75cd6
[2016-04-05 14:51:14] Bundle org.eclipse.oomph.setup.core 1.2.0.v20150915-0926, build=1789, branch=ff5f7c46aa57e08f831c3cd10fd3ed7606b75cd6, commit=ff5f7c46aa57e08f831c3cd10fd3ed7606b75cd6
[2016-04-05 14:51:14] Bundle org.eclipse.oomph.setup.p2 1.2.0.v20150915-0926, build=1789, branch=ff5f7c46aa57e08f831c3cd10fd3ed7606b75cd6, commit=ff5f7c46aa57e08f831c3cd10fd3ed7606b75cd6
[2016-04-05 14:51:14] Performing Preference /instance/com.centurylink.mdw.designer.ui/MdwServerClientShell = Putty
[2016-04-05 14:51:14] Performing Preference /instance/com.centurylink.mdw.designer.ui/MdwServerClientShellExePath = C:\eclipse_4.5.1\putty.exe
[2016-04-05 14:51:14] Performing Preference /instance/org.eclipse.m2e.core/eclipse.m2.hideFoldersOfNestedProjects = true
[2016-04-05 14:51:14] Performing Preference /instance/org.eclipse.wst.validation/USER_BUILD_PREFERENCE = enabledBuildValidatorListorg.eclipse.jst.j2ee.internal.ejb.workbench.validation.UIEjbValidator;org.eclipse.jst.j2ee.internal.validation.UIEarValidator;org.eclipse.jst.j2ee.internal.web.validation.UIWarValidator;org.eclipse.jst.j2ee.internal.validation.UIApplicationClientValidator;org.eclipse.wst.wsi.ui.internal.WSIMessageValidator;org.eclipse.jst.j2ee.internal.classpathdep.ClasspathDependencyValidator;org.eclipse.jst.j2ee.internal.jca.validation.UIConnectorValidator;
[2016-04-05 14:51:14] Performing Preference /instance/org.eclipse.wst.validation/USER_MANUAL_PREFERENCE = enabledManualValidatorListorg.eclipse.jst.j2ee.internal.ejb.workbench.validation.UIEjbValidator;org.eclipse.jst.j2ee.internal.validation.UIEarValidator;org.eclipse.jst.j2ee.internal.web.validation.UIWarValidator;org.eclipse.jst.j2ee.internal.validation.UIApplicationClientValidator;org.eclipse.wst.wsi.ui.internal.WSIMessageValidator;org.eclipse.jst.j2ee.internal.classpathdep.ClasspathDependencyValidator;org.eclipse.jst.j2ee.internal.jca.validation.UIConnectorValidator;
[2016-04-05 14:51:14] 
