!SESSION 2016-03-16 14:33:35.745 -----------------------------------------------
eclipse.buildId=4.5.1.M20150904-0015
java.version=1.8.0_60
java.vendor=Oracle Corporation
BootLoader constants: OS=win32, ARCH=x86_64, WS=win32, NL=en_US
Framework arguments:  -product org.eclipse.platform.ide
Command-line arguments:  -product org.eclipse.platform.ide -data C:\workspaces\dsp -dev file:C:/workspaces/mdw55/.metadata/.plugins/org.eclipse.pde.core/dsp/dev.properties -os win32 -ws win32 -arch x86_64 -consoleLog

!ENTRY org.eclipse.equinox.ds 2 0 2016-03-16 14:34:16.861
!MESSAGE [SCR] Enabling components of bundle org.eclipse.ui.trace did not complete in 30000 ms 

!ENTRY org.eclipse.equinox.ds 2 0 2016-03-16 14:34:16.884
!MESSAGE [SCR - WorkThread] Timeout occurred! Thread was blocked on processing [QueuedJob] WorkPerformer: org.eclipse.equinox.internal.ds.SCRManager@422d4a2e; actionType 1

!ENTRY org.eclipse.core.runtime 4 0 2016-03-16 14:34:21.977
!MESSAGE FrameworkEvent ERROR
!STACK 0
org.osgi.framework.BundleException: Unable to acquire the state change lock for the module: osgi.identity; osgi.identity="org.eclipse.core.runtime"; type="osgi.bundle"; version:Version="3.11.1.v20150903-1804"; singleton:="true" [id=261] STARTED [STARTED]
	at org.eclipse.osgi.container.Module.lockStateChange(Module.java:329)
	at org.eclipse.osgi.container.Module.start(Module.java:389)
	at org.eclipse.osgi.container.ModuleContainer$ContainerStartLevel.incStartLevel(ModuleContainer.java:1582)
	at org.eclipse.osgi.container.ModuleContainer$ContainerStartLevel.incStartLevel(ModuleContainer.java:1562)
	at org.eclipse.osgi.container.ModuleContainer$ContainerStartLevel.doContainerStartLevel(ModuleContainer.java:1533)
	at org.eclipse.osgi.container.ModuleContainer$ContainerStartLevel.dispatchEvent(ModuleContainer.java:1476)
	at org.eclipse.osgi.container.ModuleContainer$ContainerStartLevel.dispatchEvent(ModuleContainer.java:1)
	at org.eclipse.osgi.framework.eventmgr.EventManager.dispatchEvent(EventManager.java:230)
	at org.eclipse.osgi.framework.eventmgr.EventManager$EventThread.run(EventManager.java:340)

!ENTRY org.eclipse.osgi 4 0 2016-03-16 14:34:22.312
!MESSAGE Application error
!STACK 1
java.lang.IllegalStateException: Unable to acquire application service. Ensure that the org.eclipse.core.runtime bundle is resolved and started (see config.ini).
	at org.eclipse.core.runtime.internal.adaptor.EclipseAppLauncher.start(EclipseAppLauncher.java:78)
	at org.eclipse.core.runtime.adaptor.EclipseStarter.run(EclipseStarter.java:380)
	at org.eclipse.core.runtime.adaptor.EclipseStarter.run(EclipseStarter.java:235)
	at sun.reflect.NativeMethodAccessorImpl.invoke0(Native Method)
	at sun.reflect.NativeMethodAccessorImpl.invoke(NativeMethodAccessorImpl.java:62)
	at sun.reflect.DelegatingMethodAccessorImpl.invoke(DelegatingMethodAccessorImpl.java:43)
	at java.lang.reflect.Method.invoke(Method.java:497)
	at org.eclipse.equinox.launcher.Main.invokeFramework(Main.java:669)
	at org.eclipse.equinox.launcher.Main.basicRun(Main.java:608)
	at org.eclipse.equinox.launcher.Main.run(Main.java:1515)
	at org.eclipse.equinox.launcher.Main.main(Main.java:1488)

!ENTRY org.eclipse.ui.trace 4 0 2016-03-16 14:34:27.487
!MESSAGE FrameworkEvent ERROR
!STACK 0
org.osgi.framework.BundleException: Unable to acquire the state change lock for the module: osgi.identity; osgi.identity="org.eclipse.ui.trace"; type="osgi.bundle"; version:Version="1.0.300.v20150220-1252"; singleton:="true" [id=947] STOPPED [STARTED]
	at org.eclipse.osgi.container.Module.lockStateChange(Module.java:329)
	at org.eclipse.osgi.container.Module.stop(Module.java:480)
	at org.eclipse.osgi.container.ModuleContainer$ContainerStartLevel.decStartLevel(ModuleContainer.java:1623)
	at org.eclipse.osgi.container.ModuleContainer$ContainerStartLevel.doContainerStartLevel(ModuleContainer.java:1542)
	at org.eclipse.osgi.container.SystemModule.stopWorker(SystemModule.java:248)
	at org.eclipse.osgi.internal.framework.EquinoxBundle$SystemBundle$EquinoxSystemModule.stopWorker(EquinoxBundle.java:144)
	at org.eclipse.osgi.container.Module.doStop(Module.java:626)
	at org.eclipse.osgi.container.Module.stop(Module.java:488)
	at org.eclipse.osgi.container.SystemModule.stop(SystemModule.java:186)
	at org.eclipse.osgi.internal.framework.EquinoxBundle$SystemBundle$EquinoxSystemModule$1.run(EquinoxBundle.java:159)
	at java.lang.Thread.run(Thread.java:745)

!ENTRY org.eclipse.osgi 4 0 2016-03-16 14:34:28.613
!MESSAGE An error occurred while automatically activating bundle org.eclipse.ui.trace (947).
!STACK 0
org.osgi.framework.BundleException: Exception in org.eclipse.ui.trace.internal.TracingUIActivator.start() of bundle org.eclipse.ui.trace.
	at org.eclipse.osgi.internal.framework.BundleContextImpl.startActivator(BundleContextImpl.java:792)
	at org.eclipse.osgi.internal.framework.BundleContextImpl.start(BundleContextImpl.java:721)
	at org.eclipse.osgi.internal.framework.EquinoxBundle.startWorker0(EquinoxBundle.java:941)
	at org.eclipse.osgi.internal.framework.EquinoxBundle$EquinoxModule.startWorker(EquinoxBundle.java:318)
	at org.eclipse.osgi.container.Module.doStart(Module.java:571)
	at org.eclipse.osgi.container.Module.start(Module.java:439)
	at org.eclipse.osgi.framework.util.SecureAction.start(SecureAction.java:454)
	at org.eclipse.osgi.internal.hooks.EclipseLazyStarter.postFindLocalClass(EclipseLazyStarter.java:107)
	at org.eclipse.osgi.internal.loader.classpath.ClasspathManager.findLocalClass(ClasspathManager.java:531)
	at org.eclipse.osgi.internal.loader.ModuleClassLoader.findLocalClass(ModuleClassLoader.java:324)
	at org.eclipse.osgi.internal.loader.BundleLoader.findLocalClass(BundleLoader.java:327)
	at org.eclipse.osgi.internal.loader.BundleLoader.findClassInternal(BundleLoader.java:402)
	at org.eclipse.osgi.internal.loader.BundleLoader.findClass(BundleLoader.java:352)
	at org.eclipse.osgi.internal.loader.BundleLoader.findClass(BundleLoader.java:344)
	at org.eclipse.osgi.internal.loader.ModuleClassLoader.loadClass(ModuleClassLoader.java:160)
	at java.lang.ClassLoader.loadClass(ClassLoader.java:357)
	at org.eclipse.osgi.internal.framework.EquinoxBundle.loadClass(EquinoxBundle.java:573)
	at org.eclipse.equinox.internal.ds.model.ServiceComponent.createInstance(ServiceComponent.java:493)
	at org.eclipse.equinox.internal.ds.model.ServiceComponentProp.createInstance(ServiceComponentProp.java:270)
	at org.eclipse.equinox.internal.ds.model.ServiceComponentProp.build(ServiceComponentProp.java:331)
	at org.eclipse.equinox.internal.ds.InstanceProcess.buildComponent(InstanceProcess.java:620)
	at org.eclipse.equinox.internal.ds.InstanceProcess.buildComponents(InstanceProcess.java:197)
	at org.eclipse.equinox.internal.ds.Resolver.buildNewlySatisfied(Resolver.java:473)
	at org.eclipse.equinox.internal.ds.Resolver.enableComponents(Resolver.java:217)
	at org.eclipse.equinox.internal.ds.SCRManager.performWork(SCRManager.java:816)
	at org.eclipse.equinox.internal.ds.SCRManager$QueuedJob.dispatch(SCRManager.java:783)
	at org.eclipse.equinox.internal.ds.WorkThread.run(WorkThread.java:89)
	at java.lang.Thread.run(Thread.java:745)
Caused by: org.eclipse.core.runtime.AssertionFailedException: assertion failed: The application has not been initialized.
	at org.eclipse.core.runtime.Assert.isTrue(Assert.java:110)
	at org.eclipse.core.internal.runtime.InternalPlatform.assertInitialized(InternalPlatform.java:139)
	at org.eclipse.core.internal.runtime.InternalPlatform.getInstanceLocation(InternalPlatform.java:319)
	at org.eclipse.core.runtime.Platform.getInstanceLocation(Platform.java:1230)
	at org.eclipse.ui.trace.internal.TracingUIActivator.start(TracingUIActivator.java:61)
	at org.eclipse.osgi.internal.framework.BundleContextImpl$3.run(BundleContextImpl.java:771)
	at org.eclipse.osgi.internal.framework.BundleContextImpl$3.run(BundleContextImpl.java:1)
	at java.security.AccessController.doPrivileged(Native Method)
	at org.eclipse.osgi.internal.framework.BundleContextImpl.startActivator(BundleContextImpl.java:764)
	... 27 more
Root exception:
org.eclipse.core.runtime.AssertionFailedException: assertion failed: The application has not been initialized.
	at org.eclipse.core.runtime.Assert.isTrue(Assert.java:110)
	at org.eclipse.core.internal.runtime.InternalPlatform.assertInitialized(InternalPlatform.java:139)
	at org.eclipse.core.internal.runtime.InternalPlatform.getInstanceLocation(InternalPlatform.java:319)
	at org.eclipse.core.runtime.Platform.getInstanceLocation(Platform.java:1230)
	at org.eclipse.ui.trace.internal.TracingUIActivator.start(TracingUIActivator.java:61)
	at org.eclipse.osgi.internal.framework.BundleContextImpl$3.run(BundleContextImpl.java:771)
	at org.eclipse.osgi.internal.framework.BundleContextImpl$3.run(BundleContextImpl.java:1)
	at java.security.AccessController.doPrivileged(Native Method)
	at org.eclipse.osgi.internal.framework.BundleContextImpl.startActivator(BundleContextImpl.java:764)
	at org.eclipse.osgi.internal.framework.BundleContextImpl.start(BundleContextImpl.java:721)
	at org.eclipse.osgi.internal.framework.EquinoxBundle.startWorker0(EquinoxBundle.java:941)
	at org.eclipse.osgi.internal.framework.EquinoxBundle$EquinoxModule.startWorker(EquinoxBundle.java:318)
	at org.eclipse.osgi.container.Module.doStart(Module.java:571)
	at org.eclipse.osgi.container.Module.start(Module.java:439)
	at org.eclipse.osgi.framework.util.SecureAction.start(SecureAction.java:454)
	at org.eclipse.osgi.internal.hooks.EclipseLazyStarter.postFindLocalClass(EclipseLazyStarter.java:107)
	at org.eclipse.osgi.internal.loader.classpath.ClasspathManager.findLocalClass(ClasspathManager.java:531)
	at org.eclipse.osgi.internal.loader.ModuleClassLoader.findLocalClass(ModuleClassLoader.java:324)
	at org.eclipse.osgi.internal.loader.BundleLoader.findLocalClass(BundleLoader.java:327)
	at org.eclipse.osgi.internal.loader.BundleLoader.findClassInternal(BundleLoader.java:402)
	at org.eclipse.osgi.internal.loader.BundleLoader.findClass(BundleLoader.java:352)
	at org.eclipse.osgi.internal.loader.BundleLoader.findClass(BundleLoader.java:344)
	at org.eclipse.osgi.internal.loader.ModuleClassLoader.loadClass(ModuleClassLoader.java:160)
	at java.lang.ClassLoader.loadClass(ClassLoader.java:357)
	at org.eclipse.osgi.internal.framework.EquinoxBundle.loadClass(EquinoxBundle.java:573)
	at org.eclipse.equinox.internal.ds.model.ServiceComponent.createInstance(ServiceComponent.java:493)
	at org.eclipse.equinox.internal.ds.model.ServiceComponentProp.createInstance(ServiceComponentProp.java:270)
	at org.eclipse.equinox.internal.ds.model.ServiceComponentProp.build(ServiceComponentProp.java:331)
	at org.eclipse.equinox.internal.ds.InstanceProcess.buildComponent(InstanceProcess.java:620)
	at org.eclipse.equinox.internal.ds.InstanceProcess.buildComponents(InstanceProcess.java:197)
	at org.eclipse.equinox.internal.ds.Resolver.buildNewlySatisfied(Resolver.java:473)
	at org.eclipse.equinox.internal.ds.Resolver.enableComponents(Resolver.java:217)
	at org.eclipse.equinox.internal.ds.SCRManager.performWork(SCRManager.java:816)
	at org.eclipse.equinox.internal.ds.SCRManager$QueuedJob.dispatch(SCRManager.java:783)
	at org.eclipse.equinox.internal.ds.WorkThread.run(WorkThread.java:89)
	at java.lang.Thread.run(Thread.java:745)

!ENTRY org.eclipse.equinox.ds 4 0 2016-03-16 14:34:28.633
!MESSAGE Exception occurred while creating new instance of component Component[
	name = org.eclipse.ui.trace.TracingInitializer
	activate = activate
	deactivate = deactivate
	modified = 
	configuration-policy = optional
	factory = null
	autoenable = true
	immediate = true
	implementation = org.eclipse.ui.trace.internal.utils.TracingInitializer
	state = Disposed
	properties = 
	serviceFactory = false
	serviceInterface = null
	references = {
		Reference[name = DebugOptionsListener, interface = org.eclipse.osgi.service.debug.DebugOptionsListener, policy = static, cardinality = 1..n, target = null, bind = null, unbind = null]
	}
	located in bundle = org.eclipse.ui.trace_1.0.300.v20150220-1252 [947]
] 
!STACK 0
java.lang.ClassNotFoundException: An error occurred while automatically activating bundle org.eclipse.ui.trace (947).
	at org.eclipse.osgi.internal.hooks.EclipseLazyStarter.postFindLocalClass(EclipseLazyStarter.java:116)
	at org.eclipse.osgi.internal.loader.classpath.ClasspathManager.findLocalClass(ClasspathManager.java:531)
	at org.eclipse.osgi.internal.loader.ModuleClassLoader.findLocalClass(ModuleClassLoader.java:324)
	at org.eclipse.osgi.internal.loader.BundleLoader.findLocalClass(BundleLoader.java:327)
	at org.eclipse.osgi.internal.loader.BundleLoader.findClassInternal(BundleLoader.java:402)
	at org.eclipse.osgi.internal.loader.BundleLoader.findClass(BundleLoader.java:352)
	at org.eclipse.osgi.internal.loader.BundleLoader.findClass(BundleLoader.java:344)
	at org.eclipse.osgi.internal.loader.ModuleClassLoader.loadClass(ModuleClassLoader.java:160)
	at java.lang.ClassLoader.loadClass(ClassLoader.java:357)
	at org.eclipse.osgi.internal.framework.EquinoxBundle.loadClass(EquinoxBundle.java:573)
	at org.eclipse.equinox.internal.ds.model.ServiceComponent.createInstance(ServiceComponent.java:493)
	at org.eclipse.equinox.internal.ds.model.ServiceComponentProp.createInstance(ServiceComponentProp.java:270)
	at org.eclipse.equinox.internal.ds.model.ServiceComponentProp.build(ServiceComponentProp.java:331)
	at org.eclipse.equinox.internal.ds.InstanceProcess.buildComponent(InstanceProcess.java:620)
	at org.eclipse.equinox.internal.ds.InstanceProcess.buildComponents(InstanceProcess.java:197)
	at org.eclipse.equinox.internal.ds.Resolver.buildNewlySatisfied(Resolver.java:473)
	at org.eclipse.equinox.internal.ds.Resolver.enableComponents(Resolver.java:217)
	at org.eclipse.equinox.internal.ds.SCRManager.performWork(SCRManager.java:816)
	at org.eclipse.equinox.internal.ds.SCRManager$QueuedJob.dispatch(SCRManager.java:783)
	at org.eclipse.equinox.internal.ds.WorkThread.run(WorkThread.java:89)
	at java.lang.Thread.run(Thread.java:745)
Caused by: org.osgi.framework.BundleException: Exception in org.eclipse.ui.trace.internal.TracingUIActivator.start() of bundle org.eclipse.ui.trace.
	at org.eclipse.osgi.internal.framework.BundleContextImpl.startActivator(BundleContextImpl.java:792)
	at org.eclipse.osgi.internal.framework.BundleContextImpl.start(BundleContextImpl.java:721)
	at org.eclipse.osgi.internal.framework.EquinoxBundle.startWorker0(EquinoxBundle.java:941)
	at org.eclipse.osgi.internal.framework.EquinoxBundle$EquinoxModule.startWorker(EquinoxBundle.java:318)
	at org.eclipse.osgi.container.Module.doStart(Module.java:571)
	at org.eclipse.osgi.container.Module.start(Module.java:439)
	at org.eclipse.osgi.framework.util.SecureAction.start(SecureAction.java:454)
	at org.eclipse.osgi.internal.hooks.EclipseLazyStarter.postFindLocalClass(EclipseLazyStarter.java:107)
	... 20 more
Caused by: org.eclipse.core.runtime.AssertionFailedException: assertion failed: The application has not been initialized.
	at org.eclipse.core.runtime.Assert.isTrue(Assert.java:110)
	at org.eclipse.core.internal.runtime.InternalPlatform.assertInitialized(InternalPlatform.java:139)
	at org.eclipse.core.internal.runtime.InternalPlatform.getInstanceLocation(InternalPlatform.java:319)
	at org.eclipse.core.runtime.Platform.getInstanceLocation(Platform.java:1230)
	at org.eclipse.ui.trace.internal.TracingUIActivator.start(TracingUIActivator.java:61)
	at org.eclipse.osgi.internal.framework.BundleContextImpl$3.run(BundleContextImpl.java:771)
	at org.eclipse.osgi.internal.framework.BundleContextImpl$3.run(BundleContextImpl.java:1)
	at java.security.AccessController.doPrivileged(Native Method)
	at org.eclipse.osgi.internal.framework.BundleContextImpl.startActivator(BundleContextImpl.java:764)
	... 27 more

!ENTRY org.eclipse.equinox.ds 4 0 2016-03-16 14:34:28.652
!MESSAGE Exception occurred while creating new instance of component Component[
	name = org.eclipse.ui.trace.TracingInitializer
	activate = activate
	deactivate = deactivate
	modified = 
	configuration-policy = optional
	factory = null
	autoenable = true
	immediate = true
	implementation = org.eclipse.ui.trace.internal.utils.TracingInitializer
	state = Disposed
	properties = 
	serviceFactory = false
	serviceInterface = null
	references = {
		Reference[name = DebugOptionsListener, interface = org.eclipse.osgi.service.debug.DebugOptionsListener, policy = static, cardinality = 1..n, target = null, bind = null, unbind = null]
	}
	located in bundle = org.eclipse.ui.trace_1.0.300.v20150220-1252 [947]
] 
!STACK 0
java.lang.ClassNotFoundException: An error occurred while automatically activating bundle org.eclipse.ui.trace (947).
	at org.eclipse.osgi.internal.hooks.EclipseLazyStarter.postFindLocalClass(EclipseLazyStarter.java:116)
	at org.eclipse.osgi.internal.loader.classpath.ClasspathManager.findLocalClass(ClasspathManager.java:531)
	at org.eclipse.osgi.internal.loader.ModuleClassLoader.findLocalClass(ModuleClassLoader.java:324)
	at org.eclipse.osgi.internal.loader.BundleLoader.findLocalClass(BundleLoader.java:327)
	at org.eclipse.osgi.internal.loader.BundleLoader.findClassInternal(BundleLoader.java:402)
	at org.eclipse.osgi.internal.loader.BundleLoader.findClass(BundleLoader.java:352)
	at org.eclipse.osgi.internal.loader.BundleLoader.findClass(BundleLoader.java:344)
	at org.eclipse.osgi.internal.loader.ModuleClassLoader.loadClass(ModuleClassLoader.java:160)
	at java.lang.ClassLoader.loadClass(ClassLoader.java:357)
	at org.eclipse.osgi.internal.framework.EquinoxBundle.loadClass(EquinoxBundle.java:573)
	at org.eclipse.equinox.internal.ds.model.ServiceComponent.createInstance(ServiceComponent.java:493)
	at org.eclipse.equinox.internal.ds.model.ServiceComponentProp.createInstance(ServiceComponentProp.java:270)
	at org.eclipse.equinox.internal.ds.model.ServiceComponentProp.build(ServiceComponentProp.java:331)
	at org.eclipse.equinox.internal.ds.InstanceProcess.buildComponent(InstanceProcess.java:620)
	at org.eclipse.equinox.internal.ds.InstanceProcess.buildComponents(InstanceProcess.java:197)
	at org.eclipse.equinox.internal.ds.Resolver.buildNewlySatisfied(Resolver.java:473)
	at org.eclipse.equinox.internal.ds.Resolver.enableComponents(Resolver.java:217)
	at org.eclipse.equinox.internal.ds.SCRManager.performWork(SCRManager.java:816)
	at org.eclipse.equinox.internal.ds.SCRManager$QueuedJob.dispatch(SCRManager.java:783)
	at org.eclipse.equinox.internal.ds.WorkThread.run(WorkThread.java:89)
	at java.lang.Thread.run(Thread.java:745)
Caused by: org.osgi.framework.BundleException: Exception in org.eclipse.ui.trace.internal.TracingUIActivator.start() of bundle org.eclipse.ui.trace.
	at org.eclipse.osgi.internal.framework.BundleContextImpl.startActivator(BundleContextImpl.java:792)
	at org.eclipse.osgi.internal.framework.BundleContextImpl.start(BundleContextImpl.java:721)
	at org.eclipse.osgi.internal.framework.EquinoxBundle.startWorker0(EquinoxBundle.java:941)
	at org.eclipse.osgi.internal.framework.EquinoxBundle$EquinoxModule.startWorker(EquinoxBundle.java:318)
	at org.eclipse.osgi.container.Module.doStart(Module.java:571)
	at org.eclipse.osgi.container.Module.start(Module.java:439)
	at org.eclipse.osgi.framework.util.SecureAction.start(SecureAction.java:454)
	at org.eclipse.osgi.internal.hooks.EclipseLazyStarter.postFindLocalClass(EclipseLazyStarter.java:107)
	... 20 more
Caused by: org.eclipse.core.runtime.AssertionFailedException: assertion failed: The application has not been initialized.
	at org.eclipse.core.runtime.Assert.isTrue(Assert.java:110)
	at org.eclipse.core.internal.runtime.InternalPlatform.assertInitialized(InternalPlatform.java:139)
	at org.eclipse.core.internal.runtime.InternalPlatform.getInstanceLocation(InternalPlatform.java:319)
	at org.eclipse.core.runtime.Platform.getInstanceLocation(Platform.java:1230)
	at org.eclipse.ui.trace.internal.TracingUIActivator.start(TracingUIActivator.java:61)
	at org.eclipse.osgi.internal.framework.BundleContextImpl$3.run(BundleContextImpl.java:771)
	at org.eclipse.osgi.internal.framework.BundleContextImpl$3.run(BundleContextImpl.java:1)
	at java.security.AccessController.doPrivileged(Native Method)
	at org.eclipse.osgi.internal.framework.BundleContextImpl.startActivator(BundleContextImpl.java:764)
	... 27 more
